Bonjour Slf4J !
Implementation Logback
15:41:41.660 [main] INFO  dev.console.App -
                Bonjour Slf4J !
15:41:41.666 [main] INFO  dev.console.App -
                Implementation Logback
Bonjour Slf4J !
Implementation Logback
Bonjour Slf4J !
Implementation Logback
Bonjour Slf4J !
Implementation Logback
Bonjour Slf4J !
Implementation Logback
15:53:45.075 [main] INFO  dev.console.App -
                Bonjour Slf4J !
15:53:45.081 [main] INFO  dev.console.App -
                Implementation Logback
Bonjour Slf4J !
Implementation Logback
